app/build/intermediates/manifest_merge_blame_file/debug/manifest-merger-blame-debug-report.txt
1<?xml version="1.0" encoding="utf-8"?>
2<manifest xmlns:android="http://schemas.android.com/apk/res/android"
3    package="com.example.chickenshooter"
4    android:versionCode="1"
5    android:versionName="1.0" >
6
7    <uses-sdk
8        android:minSdkVersion="16"
8-->src\main\AndroidManifest.xml
9        android:targetSdkVersion="30" />
9-->src\main\AndroidManifest.xml
10
11    <application
11-->src\main\AndroidManifest.xml:5:5-36:19
12        android:allowBackup="true"
12-->src\main\AndroidManifest.xml:6:9-35
13        android:appComponentFactory="androidx.core.app.CoreComponentFactory"
13-->[androidx.core:core:1.3.2] AndroidManifest.xml:24:18-86
14        android:debuggable="true"
15        android:icon="@mipmap/ic_launcher"
15-->src\main\AndroidManifest.xml:7:9-43
16        android:label="@string/app_name"
16-->src\main\AndroidManifest.xml:8:9-41
17        android:roundIcon="@mipmap/ic_launcher_round"
17-->src\main\AndroidManifest.xml:9:9-54
18        android:supportsRtl="true"
18-->src\main\AndroidManifest.xml:10:9-35
19        android:testOnly="true"
20        android:theme="@style/Theme.ChickenShooter" >
20-->src\main\AndroidManifest.xml:11:9-52
21        <activity
21-->src\main\AndroidManifest.xml:12:9-20:20
22            android:name="com.example.chickenshooter.activity.MainActivity"
22-->src\main\AndroidManifest.xml:13:13-50
23            android:screenOrientation="portrait" >
23-->src\main\AndroidManifest.xml:14:13-49
24            <intent-filter>
24-->src\main\AndroidManifest.xml:15:13-19:29
25                <action android:name="android.intent.action.MAIN" />
25-->src\main\AndroidManifest.xml:16:17-69
25-->src\main\AndroidManifest.xml:16:25-66
26
27                <category android:name="android.intent.category.LAUNCHER" />
27-->src\main\AndroidManifest.xml:18:17-77
27-->src\main\AndroidManifest.xml:18:27-74
28            </intent-filter>
29        </activity>
30        <activity
30-->src\main\AndroidManifest.xml:21:9-23:52
31            android:name="com.example.chickenshooter.activity.HelpActivity"
31-->src\main\AndroidManifest.xml:22:13-50
32            android:screenOrientation="portrait" />
32-->src\main\AndroidManifest.xml:23:13-49
33        <activity
33-->src\main\AndroidManifest.xml:24:9-26:52
34            android:name="com.example.chickenshooter.activity.HighScoreActivity"
34-->src\main\AndroidManifest.xml:25:13-55
35            android:screenOrientation="portrait" />
35-->src\main\AndroidManifest.xml:26:13-49
36        <activity
36-->src\main\AndroidManifest.xml:27:9-29:52
37            android:name="com.example.chickenshooter.activity.SettingActivity"
37-->src\main\AndroidManifest.xml:28:13-53
38            android:screenOrientation="portrait" />
38-->src\main\AndroidManifest.xml:29:13-49
39        <activity
39-->src\main\AndroidManifest.xml:30:9-32:52
40            android:name="com.example.chickenshooter.activity.GameActivity"
40-->src\main\AndroidManifest.xml:31:13-50
41            android:screenOrientation="portrait" />
41-->src\main\AndroidManifest.xml:32:13-49
42        <activity
42-->src\main\AndroidManifest.xml:33:9-35:52
43            android:name="com.example.chickenshooter.activity.GameOverActivity"
43-->src\main\AndroidManifest.xml:34:13-54
44            android:screenOrientation="portrait" />
44-->src\main\AndroidManifest.xml:35:13-49
45    </application>
46
47</manifest>